2017-01-11 17:02:35 : xpl-stat
{
hop=1
source=xpl-ardui.carte1
target=*
}
sensor.basic
{
device=6
device_name=Activation alarme
current=0
}

2017-01-11 17:02:36 : xpl-stat
{
hop=1
source=xpl-ardui.carte1
target=*
}
sensor.basic
{
device=6
device_name=Activation alarme
current=0
}

2017-01-11 17:02:37 : xpl-stat
{
hop=1
source=xpl-ardui.carte1
target=*
}
sensor.basic
{
device=6
device_name=Activation alarme
current=0
}

2017-01-11 17:02:38 : xpl-stat
{
hop=1
source=xpl-ardui.carte1
target=*
}
sensor.basic
{
device=6
device_name=Activation alarme
current=0
}

2017-01-11 17:02:39 : xpl-stat
{
hop=1
source=xpl-ardui.carte1
target=*
}
sensor.basic
{
device=6
device_name=Activation alarme
current=0
}

2017-01-11 17:02:41 : xpl-stat
{
hop=1
source=xpl-ardui.carte1
target=*
}
sensor.basic
{
device=6
device_name=Activation alarme
current=0
}

2017-01-11 17:02:42 : xpl-stat
{
hop=1
source=xpl-ardui.carte1
target=*
}
sensor.basic
{
device=6
device_name=Activation alarme
current=0
}

2017-01-11 17:02:43 : xpl-stat
{
hop=1
source=xpl-ardui.carte1
target=*
}
sensor.basic
{
device=6
device_name=Activation alarme
current=0
}

2017-01-11 17:02:44 : xpl-stat
{
hop=1
source=xpl-ardui.carte1
target=*
}
sensor.basic
{
device=6
device_name=Activation alarme
current=0
}

2017-01-11 17:02:45 : xpl-stat
{
hop=1
source=xpl-ardui.carte1
target=*
}
sensor.basic
{
device=6
device_name=Activation alarme
current=0
}

2017-01-11 17:02:46 : xpl-stat
{
hop=1
source=xpl-ardui.carte1
target=*
}
sensor.basic
{
device=6
device_name=Activation alarme
current=0
}

2017-01-11 17:02:47 : xpl-stat
{
hop=1
source=xpl-ardui.carte1
target=*
}
sensor.basic
{
device=6
device_name=Activation alarme
current=0
}

2017-01-11 17:02:48 : xpl-stat
{
hop=1
source=xpl-ardui.carte1
target=*
}
sensor.basic
{
device=6
device_name=Activation alarme
current=0
}

2017-01-11 17:02:49 : xpl-stat
{
hop=1
source=xpl-ardui.carte1
target=*
}
sensor.basic
{
device=6
device_name=Activation alarme
current=0
}

2017-01-11 17:02:50 : xpl-stat
{
hop=1
source=xpl-ardui.carte1
target=*
}
sensor.basic
{
device=6
device_name=Activation alarme
current=0
}

2017-01-11 17:02:52 : xpl-stat
{
hop=1
source=xpl-ardui.carte1
target=*
}
sensor.basic
{
device=6
device_name=Activation alarme
current=0
}

2017-01-11 17:02:53 : xpl-stat
{
hop=1
source=xpl-ardui.carte1
target=*
}
sensor.basic
{
device=6
device_name=Activation alarme
current=0
}

2017-01-11 17:02:54 : xpl-stat
{
hop=1
source=xpl-ardui.carte1
target=*
}
sensor.basic
{
device=6
device_name=Activation alarme
current=0
}

2017-01-11 17:02:55 : xpl-stat
{
hop=1
source=xpl-ardui.carte1
target=*
}
sensor.basic
{
device=6
device_name=Activation alarme
current=0
}

2017-01-11 17:02:57 : xpl-stat
{
hop=1
source=xpl-ardui.carte1
target=*
}
sensor.basic
{
device=6
device_name=Activation alarme
current=0
}

2017-01-11 17:02:58 : xpl-stat
{
hop=1
source=xpl-ardui.carte1
target=*
}
sensor.basic
{
device=6
device_name=Activation alarme
current=0
}

2017-01-11 17:03:00 : xpl-stat
{
hop=1
source=xpl-ardui.carte1
target=*
}
sensor.basic
{
device=6
device_name=Activation alarme
current=0
}

2017-01-11 17:03:01 : xpl-stat
{
hop=1
source=xpl-ardui.carte1
target=*
}
sensor.basic
{
device=6
device_name=Activation alarme
current=0
}

2017-01-11 17:03:02 : xpl-stat
{
hop=1
source=xpl-ardui.carte1
target=*
}
sensor.basic
{
device=6
device_name=Activation alarme
current=0
}

2017-01-11 17:03:03 : xpl-stat
{
hop=1
source=xpl-ardui.carte1
target=*
}
sensor.basic
{
device=6
device_name=Activation alarme
current=0
}

2017-01-11 17:03:04 : xpl-stat
{
hop=1
source=xpl-ardui.carte1
target=*
}
sensor.basic
{
device=6
device_name=Activation alarme
current=0
}

2017-01-11 17:03:05 : xpl-stat
{
hop=1
source=xpl-ardui.carte1
target=*
}
sensor.basic
{
device=6
device_name=Activation alarme
current=0
}

2017-01-11 17:03:06 : xpl-stat
{
hop=1
source=xpl-ardui.carte1
target=*
}
sensor.basic
{
device=6
device_name=Activation alarme
current=0
}

2017-01-11 17:03:07 : xpl-stat
{
hop=1
source=xpl-ardui.carte1
target=*
}
sensor.basic
{
device=6
device_name=Activation alarme
current=0
}

2017-01-11 17:03:08 : xpl-stat
{
hop=1
source=xpl-ardui.carte1
target=*
}
sensor.basic
{
device=6
device_name=Activation alarme
current=0
}

2017-01-11 17:03:10 : xpl-stat
{
hop=1
source=xpl-ardui.carte1
target=*
}
sensor.basic
{
device=6
device_name=Activation alarme
current=0
}

2017-01-11 17:03:11 : xpl-stat
{
hop=1
source=xpl-ardui.carte1
target=*
}
sensor.basic
{
device=6
device_name=Activation alarme
current=0
}

2017-01-11 17:03:12 : xpl-stat
{
hop=1
source=xpl-ardui.carte1
target=*
}
sensor.basic
{
device=6
device_name=Activation alarme
current=0
}

2017-01-11 17:03:13 : xpl-stat
{
hop=1
source=xpl-ardui.carte1
target=*
}
sensor.basic
{
device=6
device_name=Activation alarme
current=0
}

2017-01-11 17:03:14 : xpl-stat
{
hop=1
source=xpl-ardui.carte1
target=*
}
sensor.basic
{
device=6
device_name=Activation alarme
current=0
}

2017-01-11 17:03:19 : xpl-stat
{
hop=1
source=xpl-ardui.carte1
target=*
}
sensor.basic
{
device=6
device_name=Activation alarme
current=0
}

2017-01-11 17:03:20 : xpl-stat
{
hop=1
source=xpl-ardui.carte1
target=*
}
sensor.basic
{
device=6
device_name=Activation alarme
current=0
}

2017-01-11 17:03:22 : xpl-stat
{
hop=1
source=xpl-ardui.carte1
target=*
}
sensor.basic
{
device=6
device_name=Activation alarme
current=0
}

2017-01-11 17:03:23 : xpl-stat
{
hop=1
source=xpl-ardui.carte1
target=*
}
sensor.basic
{
device=6
device_name=Activation alarme
current=0
}

2017-01-11 17:03:24 : xpl-stat
{
hop=1
source=xpl-ardui.carte1
target=*
}
sensor.basic
{
device=6
device_name=Activation alarme
current=0
}

2017-01-11 17:03:25 : xpl-stat
{
hop=1
source=xpl-ardui.carte1
target=*
}
sensor.basic
{
device=6
device_name=Activation alarme
current=0
}

2017-01-11 17:03:26 : xpl-cmnd
{
hop=1
source=xpl-ardui.server
target=xpl-ardui.relais
}
homeeasy.basic
{
id_group=23761518
id_bouton=0
etat=true
}

2017-01-11 17:03:26 : xpl-stat
{
hop=1
source=xpl-ardui.carte1
target=*
}
sensor.basic
{
device=6
device_name=Activation alarme
current=0
}

2017-01-11 17:03:26 : xpl-cmnd
{
hop=1
source=xpl-ardui.server
target=xpl-ardui.relais
}
homeeasy.basic
{
id_group=23761518
id_bouton=0
etat=false
}

2017-01-11 17:03:27 : xpl-stat
{
hop=1
source=xpl-ardui.carte1
target=*
}
sensor.basic
{
device=6
device_name=Activation alarme
current=0
}

2017-01-11 17:03:27 : xpl-cmnd
{
hop=1
source=xpl-ardui.server
target=xpl-ardui.relais
}
homeeasy.basic
{
id_group=23761518
id_bouton=0
etat=true
}

2017-01-11 17:03:28 : xpl-cmnd
{
hop=1
source=xpl-ardui.server
target=xpl-ardui.relais
}
homeeasy.basic
{
id_group=23761518
id_bouton=0
etat=true
}

2017-01-11 17:03:28 : xpl-stat
{
hop=1
source=xpl-ardui.carte1
target=*
}
sensor.basic
{
device=6
device_name=Activation alarme
current=0
}

2017-01-11 17:03:28 : xpl-cmnd
{
hop=1
source=xpl-ardui.server
target=xpl-ardui.relais
}
homeeasy.basic
{
id_group=23761518
id_bouton=0
etat=false
}

2017-01-11 17:03:29 : xpl-cmnd
{
hop=1
source=xpl-ardui.server
target=xpl-ardui.relais
}
homeeasy.basic
{
id_group=23761518
id_bouton=0
etat=true
}

2017-01-11 17:03:29 : xpl-stat
{
hop=1
source=xpl-ardui.carte1
target=*
}
sensor.basic
{
device=6
device_name=Activation alarme
current=0
}

2017-01-11 17:03:29 : xpl-cmnd
{
hop=1
source=xpl-ardui.server
target=xpl-ardui.relais
}
homeeasy.basic
{
id_group=23761518
id_bouton=0
etat=false
}

2017-01-11 17:03:30 : xpl-stat
{
hop=1
source=xpl-ardui.carte1
target=*
}
sensor.basic
{
device=6
device_name=Activation alarme
current=0
}

2017-01-11 17:03:31 : xpl-stat
{
hop=1
source=xpl-ardui.carte1
target=*
}
sensor.basic
{
device=6
device_name=Activation alarme
current=0
}

2017-01-11 17:03:32 : xpl-stat
{
hop=1
source=xpl-ardui.carte1
target=*
}
sensor.basic
{
device=6
device_name=Activation alarme
current=0
}

2017-01-11 17:03:33 : xpl-cmnd
{
hop=1
source=xpl-ardui.server
target=xpl-ardui.relais
}
homeeasy.basic
{
id_group=23761518
id_bouton=0
etat=true
}

2017-01-11 17:03:33 : xpl-stat
{
hop=1
source=xpl-ardui.carte1
target=*
}
sensor.basic
{
device=6
device_name=Activation alarme
current=0
}

2017-01-11 17:03:33 : xpl-cmnd
{
hop=1
source=xpl-ardui.server
target=xpl-ardui.relais
}
homeeasy.basic
{
id_group=23761518
id_bouton=0
etat=false
}

2017-01-11 17:03:34 : xpl-stat
{
hop=1
source=xpl-ardui.carte1
target=*
}
sensor.basic
{
device=6
device_name=Activation alarme
current=0
}

2017-01-11 17:03:35 : xpl-stat
{
hop=1
source=xpl-ardui.carte1
target=*
}
sensor.basic
{
device=6
device_name=Activation alarme
current=0
}

2017-01-11 17:03:36 : xpl-stat
{
hop=1
source=xpl-ardui.carte1
target=*
}
sensor.basic
{
device=6
device_name=Activation alarme
current=0
}

2017-01-11 17:03:37 : xpl-stat
{
hop=1
source=xpl-ardui.carte1
target=*
}
sensor.basic
{
device=6
device_name=Activation alarme
current=0
}

2017-01-11 17:03:38 : xpl-stat
{
hop=1
source=xpl-ardui.carte1
target=*
}
sensor.basic
{
device=6
device_name=Activation alarme
current=0
}

2017-01-11 17:03:39 : xpl-stat
{
hop=1
source=xpl-ardui.carte1
target=*
}
sensor.basic
{
device=6
device_name=Activation alarme
current=0
}

2017-01-11 17:03:42 : xpl-stat
{
hop=1
source=xpl-ardui.carte1
target=*
}
sensor.basic
{
device=6
device_name=Activation alarme
current=0
}

2017-01-11 17:03:43 : xpl-stat
{
hop=1
source=xpl-ardui.carte1
target=*
}
sensor.basic
{
device=6
device_name=Activation alarme
current=0
}

2017-01-11 17:03:44 : xpl-stat
{
hop=1
source=xpl-ardui.carte1
target=*
}
sensor.basic
{
device=6
device_name=Activation alarme
current=0
}

2017-01-11 17:03:45 : xpl-stat
{
hop=1
source=xpl-ardui.carte1
target=*
}
sensor.basic
{
device=6
device_name=Activation alarme
current=0
}

2017-01-11 17:03:46 : xpl-stat
{
hop=1
source=xpl-ardui.carte1
target=*
}
sensor.basic
{
device=6
device_name=Activation alarme
current=0
}

2017-01-11 17:03:47 : xpl-stat
{
hop=1
source=xpl-ardui.carte1
target=*
}
sensor.basic
{
device=6
device_name=Activation alarme
current=0
}

2017-01-11 17:03:49 : xpl-stat
{
hop=1
source=xpl-ardui.carte1
target=*
}
sensor.basic
{
device=6
device_name=Activation alarme
current=0
}

2017-01-11 17:03:50 : xpl-stat
{
hop=1
source=xpl-ardui.carte1
target=*
}
sensor.basic
{
device=6
device_name=Activation alarme
current=0
}

2017-01-11 17:03:51 : xpl-stat
{
hop=1
source=xpl-ardui.carte1
target=*
}
sensor.basic
{
device=6
device_name=Activation alarme
current=0
}

2017-01-11 17:03:52 : xpl-stat
{
hop=1
source=xpl-ardui.carte1
target=*
}
sensor.basic
{
device=6
device_name=Activation alarme
current=0
}

2017-01-11 17:03:53 : xpl-stat
{
hop=1
source=xpl-ardui.carte1
target=*
}
sensor.basic
{
device=6
device_name=Activation alarme
current=0
}

2017-01-11 17:03:54 : xpl-stat
{
hop=1
source=xpl-ardui.carte1
target=*
}
sensor.basic
{
device=6
device_name=Activation alarme
current=0
}

2017-01-11 17:03:55 : xpl-stat
{
hop=1
source=xpl-ardui.carte1
target=*
}
sensor.basic
{
device=6
device_name=Activation alarme
current=0
}

2017-01-11 17:03:56 : xpl-stat
{
hop=1
source=xpl-ardui.carte1
target=*
}
sensor.basic
{
device=6
device_name=Activation alarme
current=0
}

2017-01-11 17:03:57 : xpl-stat
{
hop=1
source=xpl-ardui.carte1
target=*
}
sensor.basic
{
device=6
device_name=Activation alarme
current=0
}

2017-01-11 17:03:58 : xpl-stat
{
hop=1
source=xpl-ardui.carte1
target=*
}
sensor.basic
{
device=6
device_name=Activation alarme
current=0
}

2017-01-11 17:03:59 : xpl-stat
{
hop=1
source=xpl-ardui.carte1
target=*
}
sensor.basic
{
device=6
device_name=Activation alarme
current=0
}

2017-01-11 17:04:00 : xpl-stat
{
hop=1
source=xpl-ardui.carte1
target=*
}
sensor.basic
{
device=6
device_name=Activation alarme
current=0
}

2017-01-11 17:04:01 : xpl-stat
{
hop=1
source=xpl-ardui.carte1
target=*
}
sensor.basic
{
device=6
device_name=Activation alarme
current=0
}

2017-01-11 17:04:02 : xpl-stat
{
hop=1
source=xpl-ardui.carte1
target=*
}
sensor.basic
{
device=6
device_name=Activation alarme
current=0
}

2017-01-11 17:04:03 : xpl-stat
{
hop=1
source=xpl-ardui.carte1
target=*
}
sensor.basic
{
device=6
device_name=Activation alarme
current=0
}

2017-01-11 17:04:04 : xpl-stat
{
hop=1
source=xpl-ardui.carte1
target=*
}
sensor.basic
{
device=6
device_name=Activation alarme
current=0
}

2017-01-11 17:04:05 : xpl-stat
{
hop=1
source=xpl-ardui.carte1
target=*
}
sensor.basic
{
device=6
device_name=Activation alarme
current=0
}

2017-01-11 17:04:06 : xpl-stat
{
hop=1
source=xpl-ardui.carte1
target=*
}
sensor.basic
{
device=6
device_name=Activation alarme
current=0
}

2017-01-11 17:04:07 : xpl-stat
{
hop=1
source=xpl-ardui.carte1
target=*
}
sensor.basic
{
device=6
device_name=Activation alarme
current=0
}

2017-01-11 17:04:08 : xpl-stat
{
hop=1
source=xpl-ardui.carte1
target=*
}
sensor.basic
{
device=6
device_name=Activation alarme
current=0
}

2017-01-11 17:04:09 : xpl-stat
{
hop=1
source=xpl-ardui.carte1
target=*
}
sensor.basic
{
device=6
device_name=Activation alarme
current=0
}

2017-01-11 17:04:10 : xpl-stat
{
hop=1
source=xpl-ardui.carte1
target=*
}
sensor.basic
{
device=6
device_name=Activation alarme
current=0
}

2017-01-11 17:04:11 : xpl-stat
{
hop=1
source=xpl-ardui.carte1
target=*
}
sensor.basic
{
device=6
device_name=Activation alarme
current=0
}

2017-01-11 17:04:12 : xpl-stat
{
hop=1
source=xpl-ardui.carte1
target=*
}
sensor.basic
{
device=6
device_name=Activation alarme
current=0
}

2017-01-11 17:04:13 : xpl-stat
{
hop=1
source=xpl-ardui.carte1
target=*
}
sensor.basic
{
device=6
device_name=Activation alarme
current=0
}

2017-01-11 17:04:14 : xpl-stat
{
hop=1
source=xpl-ardui.carte1
target=*
}
sensor.basic
{
device=6
device_name=Activation alarme
current=0
}

2017-01-11 17:04:15 : xpl-stat
{
hop=1
source=xpl-ardui.carte1
target=*
}
sensor.basic
{
device=6
device_name=Activation alarme
current=0
}

2017-01-11 17:04:16 : xpl-stat
{
hop=1
source=xpl-ardui.carte1
target=*
}
sensor.basic
{
device=6
device_name=Activation alarme
current=0
}

2017-01-11 17:04:17 : xpl-stat
{
hop=1
source=xpl-ardui.carte1
target=*
}
sensor.basic
{
device=6
device_name=Activation alarme
current=0
}

2017-01-11 17:04:18 : xpl-stat
{
hop=1
source=xpl-ardui.carte1
target=*
}
sensor.basic
{
device=6
device_name=Activation alarme
current=0
}

2017-01-11 17:04:19 : xpl-stat
{
hop=1
source=xpl-ardui.carte1
target=*
}
sensor.basic
{
device=6
device_name=Activation alarme
current=0
}

2017-01-11 17:04:20 : xpl-stat
{
hop=1
source=xpl-ardui.carte1
target=*
}
sensor.basic
{
device=6
device_name=Activation alarme
current=0
}

2017-01-11 17:04:21 : xpl-stat
{
hop=1
source=xpl-ardui.carte1
target=*
}
sensor.basic
{
device=6
device_name=Activation alarme
current=0
}

2017-01-11 17:04:22 : xpl-stat
{
hop=1
source=xpl-ardui.carte1
target=*
}
sensor.basic
{
device=6
device_name=Activation alarme
current=0
}

2017-01-11 17:04:23 : xpl-stat
{
hop=1
source=xpl-ardui.carte1
target=*
}
sensor.basic
{
device=6
device_name=Activation alarme
current=0
}

2017-01-11 17:04:24 : xpl-stat
{
hop=1
source=xpl-ardui.carte1
target=*
}
sensor.basic
{
device=6
device_name=Activation alarme
current=0
}

2017-01-11 17:04:25 : xpl-stat
{
hop=1
source=xpl-ardui.carte1
target=*
}
sensor.basic
{
device=6
device_name=Activation alarme
current=0
}

2017-01-11 17:04:26 : xpl-stat
{
hop=1
source=xpl-ardui.carte1
target=*
}
sensor.basic
{
device=6
device_name=Activation alarme
current=0
}

2017-01-11 17:04:27 : xpl-stat
{
hop=1
source=xpl-ardui.carte1
target=*
}
sensor.basic
{
device=6
device_name=Activation alarme
current=0
}

2017-01-11 17:04:28 : xpl-stat
{
hop=1
source=xpl-ardui.carte1
target=*
}
sensor.basic
{
device=6
device_name=Activation alarme
current=0
}

2017-01-11 17:04:29 : xpl-stat
{
hop=1
source=xpl-ardui.carte1
target=*
}
sensor.basic
{
device=6
device_name=Activation alarme
current=0
}

2017-01-11 17:04:30 : xpl-stat
{
hop=1
source=xpl-ardui.carte1
target=*
}
sensor.basic
{
device=6
device_name=Activation alarme
current=0
}

2017-01-11 17:04:31 : xpl-stat
{
hop=1
source=xpl-ardui.carte1
target=*
}
sensor.basic
{
device=6
device_name=Activation alarme
current=0
}

2017-01-11 17:04:33 : xpl-stat
{
hop=1
source=xpl-ardui.carte1
target=*
}
sensor.basic
{
device=6
device_name=Activation alarme
current=0
}

2017-01-11 17:04:34 : xpl-stat
{
hop=1
source=xpl-ardui.carte1
target=*
}
sensor.basic
{
device=6
device_name=Activation alarme
current=0
}

2017-01-11 17:04:35 : xpl-stat
{
hop=1
source=xpl-ardui.carte1
target=*
}
sensor.basic
{
device=6
device_name=Activation alarme
current=0
}

2017-01-11 17:04:36 : xpl-stat
{
hop=1
source=xpl-ardui.carte1
target=*
}
sensor.basic
{
device=6
device_name=Activation alarme
current=0
}

2017-01-11 17:04:37 : xpl-stat
{
hop=1
source=xpl-ardui.carte1
target=*
}
sensor.basic
{
device=6
device_name=Activation alarme
current=0
}

2017-01-11 17:04:38 : xpl-stat
{
hop=1
source=xpl-ardui.carte1
target=*
}
sensor.basic
{
device=6
device_name=Activation alarme
current=0
}

2017-01-11 17:04:39 : xpl-stat
{
hop=1
source=xpl-ardui.carte1
target=*
}
sensor.basic
{
device=6
device_name=Activation alarme
current=0
}

2017-01-11 17:04:40 : xpl-stat
{
hop=1
source=xpl-ardui.carte1
target=*
}
sensor.basic
{
device=6
device_name=Activation alarme
current=0
}

2017-01-11 17:04:41 : xpl-stat
{
hop=1
source=xpl-ardui.carte1
target=*
}
sensor.basic
{
device=6
device_name=Activation alarme
current=0
}

2017-01-11 17:04:42 : xpl-stat
{
hop=1
source=xpl-ardui.carte1
target=*
}
sensor.basic
{
device=6
device_name=Activation alarme
current=0
}

2017-01-11 17:04:43 : xpl-stat
{
hop=1
source=xpl-ardui.carte1
target=*
}
sensor.basic
{
device=6
device_name=Activation alarme
current=0
}

2017-01-11 17:04:45 : xpl-stat
{
hop=1
source=xpl-ardui.carte1
target=*
}
sensor.basic
{
device=6
device_name=Activation alarme
current=0
}

2017-01-11 17:04:46 : xpl-stat
{
hop=1
source=xpl-ardui.carte1
target=*
}
sensor.basic
{
device=6
device_name=Activation alarme
current=0
}

2017-01-11 17:04:47 : xpl-stat
{
hop=1
source=xpl-ardui.carte1
target=*
}
sensor.basic
{
device=6
device_name=Activation alarme
current=0
}

2017-01-11 17:04:48 : xpl-stat
{
hop=1
source=xpl-ardui.carte1
target=*
}
sensor.basic
{
device=6
device_name=Activation alarme
current=0
}

2017-01-11 17:04:49 : xpl-stat
{
hop=1
source=xpl-ardui.carte1
target=*
}
sensor.basic
{
device=6
device_name=Activation alarme
current=0
}

2017-01-11 17:04:50 : xpl-stat
{
hop=1
source=xpl-ardui.carte1
target=*
}
sensor.basic
{
device=6
device_name=Activation alarme
current=0
}

2017-01-11 17:04:51 : xpl-stat
{
hop=1
source=xpl-ardui.carte1
target=*
}
sensor.basic
{
device=6
device_name=Activation alarme
current=0
}

2017-01-11 17:04:52 : xpl-stat
{
hop=1
source=xpl-ardui.carte1
target=*
}
sensor.basic
{
device=6
device_name=Activation alarme
current=0
}

2017-01-11 17:04:53 : xpl-stat
{
hop=1
source=xpl-ardui.carte1
target=*
}
sensor.basic
{
device=6
device_name=Activation alarme
current=0
}

2017-01-11 17:04:54 : xpl-stat
{
hop=1
source=xpl-ardui.carte1
target=*
}
sensor.basic
{
device=6
device_name=Activation alarme
current=0
}

2017-01-11 17:04:55 : xpl-stat
{
hop=1
source=xpl-ardui.carte1
target=*
}
sensor.basic
{
device=6
device_name=Activation alarme
current=0
}

2017-01-11 17:04:56 : xpl-stat
{
hop=1
source=xpl-ardui.carte1
target=*
}
sensor.basic
{
device=6
device_name=Activation alarme
current=0
}

2017-01-11 17:04:57 : xpl-stat
{
hop=1
source=xpl-ardui.carte1
target=*
}
sensor.basic
{
device=6
device_name=Activation alarme
current=0
}

2017-01-11 17:04:58 : xpl-stat
{
hop=1
source=xpl-ardui.carte1
target=*
}
sensor.basic
{
device=6
device_name=Activation alarme
current=0
}

2017-01-11 17:04:59 : xpl-stat
{
hop=1
source=xpl-ardui.carte1
target=*
}
sensor.basic
{
device=6
device_name=Activation alarme
current=0
}

2017-01-11 17:05:01 : xpl-stat
{
hop=1
source=xpl-ardui.carte1
target=*
}
sensor.basic
{
device=6
device_name=Activation alarme
current=0
}

2017-01-11 17:05:02 : xpl-stat
{
hop=1
source=xpl-ardui.carte1
target=*
}
sensor.basic
{
device=6
device_name=Activation alarme
current=0
}

2017-01-11 17:05:03 : xpl-stat
{
hop=1
source=xpl-ardui.carte1
target=*
}
sensor.basic
{
device=6
device_name=Activation alarme
current=0
}

2017-01-11 17:05:04 : xpl-stat
{
hop=1
source=xpl-ardui.carte1
target=*
}
sensor.basic
{
device=6
device_name=Activation alarme
current=0
}

2017-01-11 17:05:05 : xpl-stat
{
hop=1
source=xpl-ardui.carte1
target=*
}
sensor.basic
{
device=6
device_name=Activation alarme
current=0
}

2017-01-11 17:05:06 : xpl-stat
{
hop=1
source=xpl-ardui.carte1
target=*
}
sensor.basic
{
device=6
device_name=Activation alarme
current=0
}

2017-01-11 17:05:07 : xpl-stat
{
hop=1
source=xpl-ardui.carte1
target=*
}
sensor.basic
{
device=6
device_name=Activation alarme
current=0
}

2017-01-11 17:05:08 : xpl-stat
{
hop=1
source=xpl-ardui.carte1
target=*
}
sensor.basic
{
device=6
device_name=Activation alarme
current=0
}

2017-01-11 17:05:09 : xpl-stat
{
hop=1
source=xpl-ardui.carte1
target=*
}
sensor.basic
{
device=6
device_name=Activation alarme
current=0
}

2017-01-11 17:05:10 : xpl-stat
{
hop=1
source=xpl-ardui.carte1
target=*
}
sensor.basic
{
device=6
device_name=Activation alarme
current=0
}

2017-01-11 17:05:12 : xpl-stat
{
hop=1
source=xpl-ardui.carte1
target=*
}
sensor.basic
{
device=6
device_name=Activation alarme
current=0
}

2017-01-11 17:05:13 : xpl-stat
{
hop=1
source=xpl-ardui.carte1
target=*
}
sensor.basic
{
device=6
device_name=Activation alarme
current=0
}

2017-01-11 17:05:14 : xpl-stat
{
hop=1
source=xpl-ardui.carte1
target=*
}
sensor.basic
{
device=6
device_name=Activation alarme
current=0
}

2017-01-11 17:05:15 : xpl-stat
{
hop=1
source=xpl-ardui.carte1
target=*
}
sensor.basic
{
device=6
device_name=Activation alarme
current=0
}

2017-01-11 17:05:16 : xpl-stat
{
hop=1
source=xpl-ardui.carte1
target=*
}
sensor.basic
{
device=6
device_name=Activation alarme
current=0
}

2017-01-11 17:05:17 : xpl-stat
{
hop=1
source=xpl-ardui.carte1
target=*
}
sensor.basic
{
device=6
device_name=Activation alarme
current=0
}

2017-01-11 17:05:18 : xpl-stat
{
hop=1
source=xpl-ardui.carte1
target=*
}
sensor.basic
{
device=6
device_name=Activation alarme
current=0
}

2017-01-11 17:05:19 : xpl-stat
{
hop=1
source=xpl-ardui.carte1
target=*
}
sensor.basic
{
device=6
device_name=Activation alarme
current=0
}

2017-01-11 17:05:20 : xpl-stat
{
hop=1
source=xpl-ardui.carte1
target=*
}
sensor.basic
{
device=6
device_name=Activation alarme
current=0
}

2017-01-11 17:05:21 : xpl-stat
{
hop=1
source=xpl-ardui.carte1
target=*
}
sensor.basic
{
device=6
device_name=Activation alarme
current=0
}

2017-01-11 17:05:22 : xpl-stat
{
hop=1
source=xpl-ardui.carte1
target=*
}
sensor.basic
{
device=6
device_name=Activation alarme
current=0
}

2017-01-11 17:05:23 : xpl-stat
{
hop=1
source=xpl-ardui.carte1
target=*
}
sensor.basic
{
device=6
device_name=Activation alarme
current=0
}

2017-01-11 17:05:24 : xpl-stat
{
hop=1
source=xpl-ardui.carte1
target=*
}
sensor.basic
{
device=6
device_name=Activation alarme
current=0
}

2017-01-11 17:05:25 : xpl-stat
{
hop=1
source=xpl-ardui.carte1
target=*
}
sensor.basic
{
device=6
device_name=Activation alarme
current=0
}

2017-01-11 17:05:26 : xpl-stat
{
hop=1
source=xpl-ardui.carte1
target=*
}
sensor.basic
{
device=6
device_name=Activation alarme
current=0
}

2017-01-11 17:05:27 : xpl-stat
{
hop=1
source=xpl-ardui.carte1
target=*
}
sensor.basic
{
device=6
device_name=Activation alarme
current=0
}

2017-01-11 17:05:28 : xpl-stat
{
hop=1
source=xpl-ardui.carte1
target=*
}
sensor.basic
{
device=6
device_name=Activation alarme
current=0
}

2017-01-11 17:05:29 : xpl-stat
{
hop=1
source=xpl-ardui.carte1
target=*
}
sensor.basic
{
device=6
device_name=Activation alarme
current=0
}

2017-01-11 17:05:30 : xpl-stat
{
hop=1
source=xpl-ardui.carte1
target=*
}
sensor.basic
{
device=6
device_name=Activation alarme
current=0
}

2017-01-11 17:05:31 : xpl-stat
{
hop=1
source=xpl-ardui.carte1
target=*
}
sensor.basic
{
device=6
device_name=Activation alarme
current=0
}

2017-01-11 17:05:32 : xpl-stat
{
hop=1
source=xpl-ardui.carte1
target=*
}
sensor.basic
{
device=6
device_name=Activation alarme
current=0
}

2017-01-11 17:05:33 : xpl-stat
{
hop=1
source=xpl-ardui.carte1
target=*
}
sensor.basic
{
device=6
device_name=Activation alarme
current=0
}

2017-01-11 17:05:34 : xpl-stat
{
hop=1
source=xpl-ardui.carte1
target=*
}
sensor.basic
{
device=6
device_name=Activation alarme
current=0
}

2017-01-11 17:05:35 : xpl-stat
{
hop=1
source=xpl-ardui.carte1
target=*
}
sensor.basic
{
device=6
device_name=Activation alarme
current=0
}

2017-01-11 17:05:36 : xpl-stat
{
hop=1
source=xpl-ardui.carte1
target=*
}
sensor.basic
{
device=6
device_name=Activation alarme
current=0
}

2017-01-11 17:05:37 : xpl-stat
{
hop=1
source=xpl-ardui.carte1
target=*
}
sensor.basic
{
device=6
device_name=Activation alarme
current=0
}

2017-01-11 17:05:38 : xpl-stat
{
hop=1
source=xpl-ardui.carte1
target=*
}
sensor.basic
{
device=6
device_name=Activation alarme
current=0
}

2017-01-11 17:05:39 : xpl-stat
{
hop=1
source=xpl-ardui.carte1
target=*
}
sensor.basic
{
device=6
device_name=Activation alarme
current=0
}

2017-01-11 17:05:40 : xpl-stat
{
hop=1
source=xpl-ardui.carte1
target=*
}
sensor.basic
{
device=6
device_name=Activation alarme
current=0
}

2017-01-11 17:05:41 : xpl-stat
{
hop=1
source=xpl-ardui.carte1
target=*
}
sensor.basic
{
device=6
device_name=Activation alarme
current=0
}

2017-01-11 17:05:42 : xpl-stat
{
hop=1
source=xpl-ardui.carte1
target=*
}
sensor.basic
{
device=6
device_name=Activation alarme
current=0
}

2017-01-11 17:05:43 : xpl-stat
{
hop=1
source=xpl-ardui.carte1
target=*
}
sensor.basic
{
device=6
device_name=Activation alarme
current=0
}

2017-01-11 17:05:44 : xpl-stat
{
hop=1
source=xpl-ardui.carte1
target=*
}
sensor.basic
{
device=6
device_name=Activation alarme
current=0
}

2017-01-11 17:05:45 : xpl-stat
{
hop=1
source=xpl-ardui.carte1
target=*
}
sensor.basic
{
device=6
device_name=Activation alarme
current=0
}

2017-01-11 17:05:46 : xpl-stat
{
hop=1
source=xpl-ardui.carte1
target=*
}
sensor.basic
{
device=6
device_name=Activation alarme
current=0
}

2017-01-11 17:05:47 : xpl-stat
{
hop=1
source=xpl-ardui.carte1
target=*
}
sensor.basic
{
device=6
device_name=Activation alarme
current=0
}

2017-01-11 17:05:48 : xpl-stat
{
hop=1
source=xpl-ardui.carte1
target=*
}
sensor.basic
{
device=6
device_name=Activation alarme
current=0
}

2017-01-11 17:05:49 : xpl-stat
{
hop=1
source=xpl-ardui.carte1
target=*
}
sensor.basic
{
device=6
device_name=Activation alarme
current=0
}

2017-01-11 17:05:50 : xpl-stat
{
hop=1
source=xpl-ardui.carte1
target=*
}
sensor.basic
{
device=6
device_name=Activation alarme
current=0
}

2017-01-11 17:05:51 : xpl-stat
{
hop=1
source=xpl-ardui.carte1
target=*
}
sensor.basic
{
device=6
device_name=Activation alarme
current=0
}

2017-01-11 17:05:52 : xpl-stat
{
hop=1
source=xpl-ardui.carte1
target=*
}
sensor.basic
{
device=6
device_name=Activation alarme
current=0
}

2017-01-11 17:05:53 : xpl-stat
{
hop=1
source=xpl-ardui.carte1
target=*
}
sensor.basic
{
device=6
device_name=Activation alarme
current=0
}

2017-01-11 17:05:54 : xpl-stat
{
hop=1
source=xpl-ardui.carte1
target=*
}
sensor.basic
{
device=6
device_name=Activation alarme
current=0
}

2017-01-11 17:05:55 : xpl-stat
{
hop=1
source=xpl-ardui.carte1
target=*
}
sensor.basic
{
device=6
device_name=Activation alarme
current=0
}

2017-01-11 17:05:56 : xpl-stat
{
hop=1
source=xpl-ardui.carte1
target=*
}
sensor.basic
{
device=6
device_name=Activation alarme
current=0
}

2017-01-11 17:05:57 : xpl-stat
{
hop=1
source=xpl-ardui.carte1
target=*
}
sensor.basic
{
device=6
device_name=Activation alarme
current=0
}

2017-01-11 17:05:58 : xpl-stat
{
hop=1
source=xpl-ardui.carte1
target=*
}
sensor.basic
{
device=6
device_name=Activation alarme
current=0
}

2017-01-11 17:05:59 : xpl-stat
{
hop=1
source=xpl-ardui.carte1
target=*
}
sensor.basic
{
device=6
device_name=Activation alarme
current=0
}

2017-01-11 17:06:00 : xpl-stat
{
hop=1
source=xpl-ardui.carte1
target=*
}
sensor.basic
{
device=6
device_name=Activation alarme
current=0
}

2017-01-11 17:06:01 : xpl-stat
{
hop=1
source=xpl-ardui.carte1
target=*
}
sensor.basic
{
device=6
device_name=Activation alarme
current=0
}

2017-01-11 17:06:02 : xpl-stat
{
hop=1
source=xpl-ardui.carte1
target=*
}
sensor.basic
{
device=6
device_name=Activation alarme
current=0
}

2017-01-11 17:06:03 : xpl-stat
{
hop=1
source=xpl-ardui.carte1
target=*
}
sensor.basic
{
device=6
device_name=Activation alarme
current=0
}

2017-01-11 17:06:04 : xpl-stat
{
hop=1
source=xpl-ardui.carte1
target=*
}
sensor.basic
{
device=6
device_name=Activation alarme
current=0
}

2017-01-11 17:06:05 : xpl-stat
{
hop=1
source=xpl-ardui.carte1
target=*
}
sensor.basic
{
device=6
device_name=Activation alarme
current=0
}

2017-01-11 17:06:06 : xpl-stat
{
hop=1
source=xpl-ardui.carte1
target=*
}
sensor.basic
{
device=6
device_name=Activation alarme
current=0
}

2017-01-11 17:06:07 : xpl-stat
{
hop=1
source=xpl-ardui.carte1
target=*
}
sensor.basic
{
device=6
device_name=Activation alarme
current=0
}

2017-01-11 17:06:08 : xpl-stat
{
hop=1
source=xpl-ardui.carte1
target=*
}
sensor.basic
{
device=6
device_name=Activation alarme
current=0
}

2017-01-11 17:06:09 : xpl-stat
{
hop=1
source=xpl-ardui.carte1
target=*
}
sensor.basic
{
device=6
device_name=Activation alarme
current=0
}

2017-01-11 17:06:10 : xpl-stat
{
hop=1
source=xpl-ardui.carte1
target=*
}
sensor.basic
{
device=6
device_name=Activation alarme
current=0
}

2017-01-11 17:06:11 : xpl-stat
{
hop=1
source=xpl-ardui.carte1
target=*
}
sensor.basic
{
device=6
device_name=Activation alarme
current=0
}

2017-01-11 17:06:12 : xpl-stat
{
hop=1
source=xpl-ardui.carte1
target=*
}
sensor.basic
{
device=6
device_name=Activation alarme
current=0
}

2017-01-11 17:06:13 : xpl-stat
{
hop=1
source=xpl-ardui.carte1
target=*
}
sensor.basic
{
device=6
device_name=Activation alarme
current=0
}

2017-01-11 17:06:14 : xpl-stat
{
hop=1
source=xpl-ardui.carte1
target=*
}
sensor.basic
{
device=6
device_name=Activation alarme
current=0
}

2017-01-11 17:06:15 : xpl-stat
{
hop=1
source=xpl-ardui.carte1
target=*
}
sensor.basic
{
device=6
device_name=Activation alarme
current=0
}

2017-01-11 17:06:18 : xpl-stat
{
hop=1
source=xpl-ardui.carte1
target=*
}
sensor.basic
{
device=6
device_name=Activation alarme
current=0
}

2017-01-11 17:06:18 : xpl-stat
{
hop=1
source=xpl-ardui.carte1
target=*
}
sensor.basic
{
device=6
device_name=Activation alarme
current=0
}

2017-01-11 17:06:19 : xpl-stat
{
hop=1
source=xpl-ardui.carte1
target=*
}
sensor.basic
{
device=6
device_name=Activation alarme
current=0
}

2017-01-11 17:06:20 : xpl-stat
{
hop=1
source=xpl-ardui.carte1
target=*
}
sensor.basic
{
device=6
device_name=Activation alarme
current=0
}

2017-01-11 17:06:21 : xpl-stat
{
hop=1
source=xpl-ardui.carte1
target=*
}
sensor.basic
{
device=6
device_name=Activation alarme
current=0
}

2017-01-11 17:06:22 : xpl-stat
{
hop=1
source=xpl-ardui.carte1
target=*
}
sensor.basic
{
device=6
device_name=Activation alarme
current=0
}

2017-01-11 17:06:23 : xpl-stat
{
hop=1
source=xpl-ardui.carte1
target=*
}
sensor.basic
{
device=6
device_name=Activation alarme
current=0
}

2017-01-11 17:06:24 : xpl-stat
{
hop=1
source=xpl-ardui.carte1
target=*
}
sensor.basic
{
device=6
device_name=Activation alarme
current=0
}

2017-01-11 17:06:25 : xpl-stat
{
hop=1
source=xpl-ardui.carte1
target=*
}
sensor.basic
{
device=6
device_name=Activation alarme
current=0
}

2017-01-11 17:06:26 : xpl-stat
{
hop=1
source=xpl-ardui.carte1
target=*
}
sensor.basic
{
device=6
device_name=Activation alarme
current=0
}

2017-01-11 17:06:27 : xpl-stat
{
hop=1
source=xpl-ardui.carte1
target=*
}
sensor.basic
{
device=6
device_name=Activation alarme
current=0
}

2017-01-11 17:06:29 : xpl-stat
{
hop=1
source=xpl-ardui.carte1
target=*
}
sensor.basic
{
device=6
device_name=Activation alarme
current=0
}

2017-01-11 17:06:30 : xpl-stat
{
hop=1
source=xpl-ardui.carte1
target=*
}
sensor.basic
{
device=6
device_name=Activation alarme
current=0
}

2017-01-11 17:06:30 : xpl-stat
{
hop=1
source=xpl-ardui.carte1
target=*
}
sensor.basic
{
device=6
device_name=Activation alarme
current=0
}

2017-01-11 17:06:31 : xpl-stat
{
hop=1
source=xpl-ardui.carte1
target=*
}
sensor.basic
{
device=6
device_name=Activation alarme
current=0
}

2017-01-11 17:06:32 : xpl-stat
{
hop=1
source=xpl-ardui.carte1
target=*
}
sensor.basic
{
device=6
device_name=Activation alarme
current=0
}

2017-01-11 17:06:33 : xpl-stat
{
hop=1
source=xpl-ardui.carte1
target=*
}
sensor.basic
{
device=6
device_name=Activation alarme
current=0
}

2017-01-11 17:06:34 : xpl-stat
{
hop=1
source=xpl-ardui.carte1
target=*
}
sensor.basic
{
device=6
device_name=Activation alarme
current=0
}

2017-01-11 17:06:35 : xpl-stat
{
hop=1
source=xpl-ardui.carte1
target=*
}
sensor.basic
{
device=6
device_name=Activation alarme
current=0
}

2017-01-11 17:06:36 : xpl-stat
{
hop=1
source=xpl-ardui.carte1
target=*
}
sensor.basic
{
device=6
device_name=Activation alarme
current=0
}

2017-01-11 17:06:37 : xpl-stat
{
hop=1
source=xpl-ardui.carte1
target=*
}
sensor.basic
{
device=6
device_name=Activation alarme
current=0
}

2017-01-11 17:06:38 : xpl-stat
{
hop=1
source=xpl-ardui.carte1
target=*
}
sensor.basic
{
device=6
device_name=Activation alarme
current=0
}

2017-01-11 17:06:40 : xpl-stat
{
hop=1
source=xpl-ardui.carte1
target=*
}
sensor.basic
{
device=6
device_name=Activation alarme
current=0
}

2017-01-11 17:06:41 : xpl-stat
{
hop=1
source=xpl-ardui.carte1
target=*
}
sensor.basic
{
device=6
device_name=Activation alarme
current=0
}

2017-01-11 17:06:41 : xpl-stat
{
hop=1
source=xpl-ardui.carte1
target=*
}
sensor.basic
{
device=6
device_name=Activation alarme
current=0
}

2017-01-11 17:06:42 : xpl-stat
{
hop=1
source=xpl-ardui.carte1
target=*
}
sensor.basic
{
device=6
device_name=Activation alarme
current=0
}

2017-01-11 17:06:43 : xpl-stat
{
hop=1
source=xpl-ardui.carte1
target=*
}
sensor.basic
{
device=6
device_name=Activation alarme
current=0
}

2017-01-11 17:06:44 : xpl-stat
{
hop=1
source=xpl-ardui.carte1
target=*
}
sensor.basic
{
device=6
device_name=Activation alarme
current=0
}

2017-01-11 17:06:45 : xpl-stat
{
hop=1
source=xpl-ardui.carte1
target=*
}
sensor.basic
{
device=6
device_name=Activation alarme
current=0
}

2017-01-11 17:06:46 : xpl-stat
{
hop=1
source=xpl-ardui.carte1
target=*
}
sensor.basic
{
device=6
device_name=Activation alarme
current=0
}

2017-01-11 17:06:47 : xpl-stat
{
hop=1
source=xpl-ardui.carte1
target=*
}
sensor.basic
{
device=6
device_name=Activation alarme
current=0
}

2017-01-11 17:06:48 : xpl-stat
{
hop=1
source=xpl-ardui.carte1
target=*
}
sensor.basic
{
device=6
device_name=Activation alarme
current=0
}

2017-01-11 17:06:50 : xpl-stat
{
hop=1
source=xpl-ardui.carte1
target=*
}
sensor.basic
{
device=6
device_name=Activation alarme
current=0
}

2017-01-11 17:06:51 : xpl-stat
{
hop=1
source=xpl-ardui.carte1
target=*
}
sensor.basic
{
device=6
device_name=Activation alarme
current=0
}

2017-01-11 17:06:52 : xpl-stat
{
hop=1
source=xpl-ardui.carte1
target=*
}
sensor.basic
{
device=6
device_name=Activation alarme
current=0
}

2017-01-11 17:06:53 : xpl-stat
{
hop=1
source=xpl-ardui.carte1
target=*
}
sensor.basic
{
device=6
device_name=Activation alarme
current=0
}

2017-01-11 17:06:53 : xpl-stat
{
hop=1
source=xpl-ardui.carte1
target=*
}
sensor.basic
{
device=6
device_name=Activation alarme
current=0
}

2017-01-11 17:06:54 : xpl-stat
{
hop=1
source=xpl-ardui.carte1
target=*
}
sensor.basic
{
device=6
device_name=Activation alarme
current=0
}

2017-01-11 17:06:55 : xpl-stat
{
hop=1
source=xpl-ardui.carte1
target=*
}
sensor.basic
{
device=6
device_name=Activation alarme
current=0
}

2017-01-11 17:06:56 : xpl-stat
{
hop=1
source=xpl-ardui.carte1
target=*
}
sensor.basic
{
device=6
device_name=Activation alarme
current=0
}

2017-01-11 17:06:57 : xpl-stat
{
hop=1
source=xpl-ardui.carte1
target=*
}
sensor.basic
{
device=6
device_name=Activation alarme
current=0
}

2017-01-11 17:06:58 : xpl-stat
{
hop=1
source=xpl-ardui.carte1
target=*
}
sensor.basic
{
device=6
device_name=Activation alarme
current=0
}

2017-01-11 17:07:00 : xpl-stat
{
hop=1
source=xpl-ardui.carte1
target=*
}
sensor.basic
{
device=6
device_name=Activation alarme
current=0
}

2017-01-11 17:07:01 : xpl-stat
{
hop=1
source=xpl-ardui.carte1
target=*
}
sensor.basic
{
device=6
device_name=Activation alarme
current=0
}

2017-01-11 17:07:02 : xpl-stat
{
hop=1
source=xpl-ardui.carte1
target=*
}
sensor.basic
{
device=6
device_name=Activation alarme
current=0
}

2017-01-11 17:07:03 : xpl-stat
{
hop=1
source=xpl-ardui.carte1
target=*
}
sensor.basic
{
device=6
device_name=Activation alarme
current=0
}

2017-01-11 17:07:05 : xpl-stat
{
hop=1
source=xpl-ardui.carte1
target=*
}
sensor.basic
{
device=6
device_name=Activation alarme
current=0
}

2017-01-11 17:07:05 : xpl-stat
{
hop=1
source=xpl-ardui.carte1
target=*
}
sensor.basic
{
device=6
device_name=Activation alarme
current=0
}

2017-01-11 17:07:06 : xpl-stat
{
hop=1
source=xpl-ardui.carte1
target=*
}
sensor.basic
{
device=6
device_name=Activation alarme
current=0
}

2017-01-11 17:07:07 : xpl-stat
{
hop=1
source=xpl-ardui.carte1
target=*
}
sensor.basic
{
device=6
device_name=Activation alarme
current=0
}

2017-01-11 17:07:09 : xpl-stat
{
hop=1
source=xpl-ardui.carte1
target=*
}
sensor.basic
{
device=6
device_name=Activation alarme
current=0
}

2017-01-11 17:07:10 : xpl-stat
{
hop=1
source=xpl-ardui.carte1
target=*
}
sensor.basic
{
device=6
device_name=Activation alarme
current=0
}

2017-01-11 17:07:11 : xpl-stat
{
hop=1
source=xpl-ardui.carte1
target=*
}
sensor.basic
{
device=6
device_name=Activation alarme
current=0
}

2017-01-11 17:07:12 : xpl-stat
{
hop=1
source=xpl-ardui.carte1
target=*
}
sensor.basic
{
device=6
device_name=Activation alarme
current=0
}

2017-01-11 17:07:14 : xpl-stat
{
hop=1
source=xpl-ardui.carte1
target=*
}
sensor.basic
{
device=6
device_name=Activation alarme
current=0
}

2017-01-11 17:07:15 : xpl-stat
{
hop=1
source=xpl-ardui.carte1
target=*
}
sensor.basic
{
device=6
device_name=Activation alarme
current=0
}

2017-01-11 17:07:16 : xpl-stat
{
hop=1
source=xpl-ardui.carte1
target=*
}
sensor.basic
{
device=6
device_name=Activation alarme
current=0
}

2017-01-11 17:07:16 : xpl-stat
{
hop=1
source=xpl-ardui.carte1
target=*
}
sensor.basic
{
device=6
device_name=Activation alarme
current=0
}

2017-01-11 17:07:17 : xpl-stat
{
hop=1
source=xpl-ardui.carte1
target=*
}
sensor.basic
{
device=6
device_name=Activation alarme
current=0
}

2017-01-11 17:07:18 : xpl-stat
{
hop=1
source=xpl-ardui.carte1
target=*
}
sensor.basic
{
device=6
device_name=Activation alarme
current=0
}

2017-01-11 17:07:20 : xpl-stat
{
hop=1
source=xpl-ardui.carte1
target=*
}
sensor.basic
{
device=6
device_name=Activation alarme
current=0
}

2017-01-11 17:07:21 : xpl-stat
{
hop=1
source=xpl-ardui.carte1
target=*
}
sensor.basic
{
device=6
device_name=Activation alarme
current=0
}

2017-01-11 17:07:22 : xpl-stat
{
hop=1
source=xpl-ardui.carte1
target=*
}
sensor.basic
{
device=6
device_name=Activation alarme
current=0
}

2017-01-11 17:07:23 : xpl-stat
{
hop=1
source=xpl-ardui.carte1
target=*
}
sensor.basic
{
device=6
device_name=Activation alarme
current=0
}

2017-01-11 17:07:24 : xpl-stat
{
hop=1
source=xpl-ardui.carte1
target=*
}
sensor.basic
{
device=6
device_name=Activation alarme
current=0
}

2017-01-11 17:07:26 : xpl-stat
{
hop=1
source=xpl-ardui.carte1
target=*
}
sensor.basic
{
device=6
device_name=Activation alarme
current=0
}

2017-01-11 17:07:28 : xpl-stat
{
hop=1
source=xpl-ardui.carte1
target=*
}
sensor.basic
{
device=6
device_name=Activation alarme
current=0
}

2017-01-11 17:07:28 : xpl-stat
{
hop=1
source=xpl-ardui.carte1
target=*
}
sensor.basic
{
device=6
device_name=Activation alarme
current=0
}

2017-01-11 17:07:29 : xpl-stat
{
hop=1
source=xpl-ardui.carte1
target=*
}
sensor.basic
{
device=6
device_name=Activation alarme
current=0
}

2017-01-11 17:07:31 : xpl-stat
{
hop=1
source=xpl-ardui.carte1
target=*
}
sensor.basic
{
device=6
device_name=Activation alarme
current=0
}

2017-01-11 17:07:32 : xpl-stat
{
hop=1
source=xpl-ardui.carte1
target=*
}
sensor.basic
{
device=6
device_name=Activation alarme
current=0
}

2017-01-11 17:07:33 : xpl-stat
{
hop=1
source=xpl-ardui.carte1
target=*
}
sensor.basic
{
device=6
device_name=Activation alarme
current=0
}

2017-01-11 17:07:34 : xpl-stat
{
hop=1
source=xpl-ardui.carte1
target=*
}
sensor.basic
{
device=6
device_name=Activation alarme
current=0
}

2017-01-11 17:07:35 : xpl-stat
{
hop=1
source=xpl-ardui.carte1
target=*
}
sensor.basic
{
device=6
device_name=Activation alarme
current=0
}

2017-01-11 17:07:36 : xpl-stat
{
hop=1
source=xpl-ardui.carte1
target=*
}
sensor.basic
{
device=6
device_name=Activation alarme
current=0
}

2017-01-11 17:07:37 : xpl-stat
{
hop=1
source=xpl-ardui.carte1
target=*
}
sensor.basic
{
device=6
device_name=Activation alarme
current=0
}

2017-01-11 17:07:38 : xpl-stat
{
hop=1
source=xpl-ardui.carte1
target=*
}
sensor.basic
{
device=6
device_name=Activation alarme
current=0
}

2017-01-11 17:07:39 : xpl-stat
{
hop=1
source=xpl-ardui.carte1
target=*
}
sensor.basic
{
device=6
device_name=Activation alarme
current=0
}

2017-01-11 17:07:39 : xpl-stat
{
hop=1
source=xpl-ardui.carte1
target=*
}
sensor.basic
{
device=6
device_name=Activation alarme
current=0
}

2017-01-11 17:07:41 : xpl-stat
{
hop=1
source=xpl-ardui.carte1
target=*
}
sensor.basic
{
device=6
device_name=Activation alarme
current=0
}

2017-01-11 17:07:42 : xpl-stat
{
hop=1
source=xpl-ardui.carte1
target=*
}
sensor.basic
{
device=6
device_name=Activation alarme
current=0
}

2017-01-11 17:07:43 : xpl-stat
{
hop=1
source=xpl-ardui.carte1
target=*
}
sensor.basic
{
device=6
device_name=Activation alarme
current=0
}

2017-01-11 17:07:44 : xpl-stat
{
hop=1
source=xpl-ardui.carte1
target=*
}
sensor.basic
{
device=6
device_name=Activation alarme
current=0
}

2017-01-11 17:07:45 : xpl-stat
{
hop=1
source=xpl-ardui.carte1
target=*
}
sensor.basic
{
device=6
device_name=Activation alarme
current=0
}

2017-01-11 17:07:46 : xpl-stat
{
hop=1
source=xpl-ardui.carte1
target=*
}
sensor.basic
{
device=6
device_name=Activation alarme
current=0
}

2017-01-11 17:07:47 : xpl-stat
{
hop=1
source=xpl-ardui.carte1
target=*
}
sensor.basic
{
device=6
device_name=Activation alarme
current=0
}

2017-01-11 17:07:48 : xpl-stat
{
hop=1
source=xpl-ardui.carte1
target=*
}
sensor.basic
{
device=6
device_name=Activation alarme
current=0
}

2017-01-11 17:07:49 : xpl-stat
{
hop=1
source=xpl-ardui.carte1
target=*
}
sensor.basic
{
device=6
device_name=Activation alarme
current=0
}

2017-01-11 17:07:50 : xpl-stat
{
hop=1
source=xpl-ardui.carte1
target=*
}
sensor.basic
{
device=6
device_name=Activation alarme
current=0
}

2017-01-11 17:07:51 : xpl-stat
{
hop=1
source=xpl-ardui.carte1
target=*
}
sensor.basic
{
device=6
device_name=Activation alarme
current=0
}

2017-01-11 17:07:52 : xpl-stat
{
hop=1
source=xpl-ardui.carte1
target=*
}
sensor.basic
{
device=6
device_name=Activation alarme
current=0
}

2017-01-11 17:07:53 : xpl-stat
{
hop=1
source=xpl-ardui.carte1
target=*
}
sensor.basic
{
device=6
device_name=Activation alarme
current=0
}

2017-01-11 17:07:54 : xpl-stat
{
hop=1
source=xpl-ardui.carte1
target=*
}
sensor.basic
{
device=6
device_name=Activation alarme
current=0
}

2017-01-11 17:07:55 : xpl-stat
{
hop=1
source=xpl-ardui.carte1
target=*
}
sensor.basic
{
device=6
device_name=Activation alarme
current=0
}

2017-01-11 17:07:56 : xpl-stat
{
hop=1
source=xpl-ardui.carte1
target=*
}
sensor.basic
{
device=6
device_name=Activation alarme
current=0
}

2017-01-11 17:07:57 : xpl-stat
{
hop=1
source=xpl-ardui.carte1
target=*
}
sensor.basic
{
device=6
device_name=Activation alarme
current=0
}

2017-01-11 17:07:58 : xpl-stat
{
hop=1
source=xpl-ardui.carte1
target=*
}
sensor.basic
{
device=6
device_name=Activation alarme
current=0
}

2017-01-11 17:07:59 : xpl-stat
{
hop=1
source=xpl-ardui.carte1
target=*
}
sensor.basic
{
device=6
device_name=Activation alarme
current=0
}

2017-01-11 17:08:00 : xpl-stat
{
hop=1
source=xpl-ardui.carte1
target=*
}
sensor.basic
{
device=6
device_name=Activation alarme
current=0
}

2017-01-11 17:08:01 : xpl-stat
{
hop=1
source=xpl-ardui.carte1
target=*
}
sensor.basic
{
device=6
device_name=Activation alarme
current=0
}

2017-01-11 17:08:02 : xpl-stat
{
hop=1
source=xpl-ardui.carte1
target=*
}
sensor.basic
{
device=6
device_name=Activation alarme
current=0
}

2017-01-11 17:08:03 : xpl-stat
{
hop=1
source=xpl-ardui.carte1
target=*
}
sensor.basic
{
device=6
device_name=Activation alarme
current=0
}

2017-01-11 17:08:04 : xpl-stat
{
hop=1
source=xpl-ardui.carte1
target=*
}
sensor.basic
{
device=6
device_name=Activation alarme
current=0
}

2017-01-11 17:08:05 : xpl-stat
{
hop=1
source=xpl-ardui.carte1
target=*
}
sensor.basic
{
device=6
device_name=Activation alarme
current=0
}

2017-01-11 17:08:06 : xpl-stat
{
hop=1
source=xpl-ardui.carte1
target=*
}
sensor.basic
{
device=6
device_name=Activation alarme
current=0
}

2017-01-11 17:08:07 : xpl-stat
{
hop=1
source=xpl-ardui.carte1
target=*
}
sensor.basic
{
device=6
device_name=Activation alarme
current=0
}

2017-01-11 17:08:08 : xpl-stat
{
hop=1
source=xpl-ardui.carte1
target=*
}
sensor.basic
{
device=6
device_name=Activation alarme
current=0
}

2017-01-11 17:08:09 : xpl-stat
{
hop=1
source=xpl-ardui.carte1
target=*
}
sensor.basic
{
device=6
device_name=Activation alarme
current=0
}

2017-01-11 17:08:10 : xpl-stat
{
hop=1
source=xpl-ardui.carte1
target=*
}
sensor.basic
{
device=6
device_name=Activation alarme
current=0
}

2017-01-11 17:08:11 : xpl-stat
{
hop=1
source=xpl-ardui.carte1
target=*
}
sensor.basic
{
device=6
device_name=Activation alarme
current=0
}

2017-01-11 17:08:12 : xpl-stat
{
hop=1
source=xpl-ardui.carte1
target=*
}
sensor.basic
{
device=6
device_name=Activation alarme
current=0
}

2017-01-11 17:08:13 : xpl-stat
{
hop=1
source=xpl-ardui.carte1
target=*
}
sensor.basic
{
device=6
device_name=Activation alarme
current=0
}

2017-01-11 17:08:14 : xpl-stat
{
hop=1
source=xpl-ardui.carte1
target=*
}
sensor.basic
{
device=6
device_name=Activation alarme
current=0
}

2017-01-11 17:08:15 : xpl-stat
{
hop=1
source=xpl-ardui.carte1
target=*
}
sensor.basic
{
device=6
device_name=Activation alarme
current=0
}

2017-01-11 17:08:16 : xpl-stat
{
hop=1
source=xpl-ardui.carte1
target=*
}
sensor.basic
{
device=6
device_name=Activation alarme
current=0
}

2017-01-11 17:08:17 : xpl-stat
{
hop=1
source=xpl-ardui.carte1
target=*
}
sensor.basic
{
device=6
device_name=Activation alarme
current=0
}

2017-01-11 17:08:19 : xpl-stat
{
hop=1
source=xpl-ardui.carte1
target=*
}
sensor.basic
{
device=6
device_name=Activation alarme
current=0
}

2017-01-11 17:08:20 : xpl-stat
{
hop=1
source=xpl-ardui.carte1
target=*
}
sensor.basic
{
device=6
device_name=Activation alarme
current=0
}

2017-01-11 17:08:21 : xpl-stat
{
hop=1
source=xpl-ardui.carte1
target=*
}
sensor.basic
{
device=6
device_name=Activation alarme
current=0
}

2017-01-11 17:08:22 : xpl-stat
{
hop=1
source=xpl-ardui.carte1
target=*
}
sensor.basic
{
device=6
device_name=Activation alarme
current=0
}

2017-01-11 17:08:23 : xpl-stat
{
hop=1
source=xpl-ardui.carte1
target=*
}
sensor.basic
{
device=6
device_name=Activation alarme
current=0
}

2017-01-11 17:08:24 : xpl-stat
{
hop=1
source=xpl-ardui.carte1
target=*
}
sensor.basic
{
device=6
device_name=Activation alarme
current=0
}

2017-01-11 17:08:25 : xpl-stat
{
hop=1
source=xpl-ardui.carte1
target=*
}
sensor.basic
{
device=6
device_name=Activation alarme
current=0
}

2017-01-11 17:08:26 : xpl-stat
{
hop=1
source=xpl-ardui.carte1
target=*
}
sensor.basic
{
device=6
device_name=Activation alarme
current=0
}

2017-01-11 17:08:27 : xpl-stat
{
hop=1
source=xpl-ardui.carte1
target=*
}
sensor.basic
{
device=6
device_name=Activation alarme
current=0
}

2017-01-11 17:08:29 : xpl-stat
{
hop=1
source=xpl-ardui.carte1
target=*
}
sensor.basic
{
device=6
device_name=Activation alarme
current=0
}

2017-01-11 17:08:30 : xpl-stat
{
hop=1
source=xpl-ardui.carte1
target=*
}
sensor.basic
{
device=6
device_name=Activation alarme
current=0
}

2017-01-11 17:08:31 : xpl-stat
{
hop=1
source=xpl-ardui.carte1
target=*
}
sensor.basic
{
device=6
device_name=Activation alarme
current=0
}

2017-01-11 17:08:32 : xpl-stat
{
hop=1
source=xpl-ardui.carte1
target=*
}
sensor.basic
{
device=6
device_name=Activation alarme
current=0
}

2017-01-11 17:08:33 : xpl-stat
{
hop=1
source=xpl-ardui.carte1
target=*
}
sensor.basic
{
device=6
device_name=Activation alarme
current=0
}

2017-01-11 17:08:34 : xpl-stat
{
hop=1
source=xpl-ardui.carte1
target=*
}
sensor.basic
{
device=6
device_name=Activation alarme
current=0
}

2017-01-11 17:08:35 : xpl-stat
{
hop=1
source=xpl-ardui.carte1
target=*
}
sensor.basic
{
device=6
device_name=Activation alarme
current=0
}

2017-01-11 17:08:36 : xpl-stat
{
hop=1
source=xpl-ardui.carte1
target=*
}
sensor.basic
{
device=6
device_name=Activation alarme
current=0
}

2017-01-11 17:08:37 : xpl-stat
{
hop=1
source=xpl-ardui.carte1
target=*
}
sensor.basic
{
device=6
device_name=Activation alarme
current=0
}

2017-01-11 17:08:38 : xpl-stat
{
hop=1
source=xpl-ardui.carte1
target=*
}
sensor.basic
{
device=6
device_name=Activation alarme
current=0
}

2017-01-11 17:08:39 : xpl-stat
{
hop=1
source=xpl-ardui.carte1
target=*
}
sensor.basic
{
device=6
device_name=Activation alarme
current=0
}

2017-01-11 17:08:40 : xpl-stat
{
hop=1
source=xpl-ardui.carte1
target=*
}
sensor.basic
{
device=6
device_name=Activation alarme
current=0
}

2017-01-11 17:08:41 : xpl-stat
{
hop=1
source=xpl-ardui.carte1
target=*
}
sensor.basic
{
device=6
device_name=Activation alarme
current=0
}

2017-01-11 17:08:42 : xpl-stat
{
hop=1
source=xpl-ardui.carte1
target=*
}
sensor.basic
{
device=6
device_name=Activation alarme
current=0
}

2017-01-11 17:08:43 : xpl-stat
{
hop=1
source=xpl-ardui.carte1
target=*
}
sensor.basic
{
device=6
device_name=Activation alarme
current=0
}

2017-01-11 17:08:44 : xpl-stat
{
hop=1
source=xpl-ardui.carte1
target=*
}
sensor.basic
{
device=6
device_name=Activation alarme
current=0
}

2017-01-11 17:08:45 : xpl-stat
{
hop=1
source=xpl-ardui.carte1
target=*
}
sensor.basic
{
device=6
device_name=Activation alarme
current=0
}

2017-01-11 17:08:46 : xpl-stat
{
hop=1
source=xpl-ardui.carte1
target=*
}
sensor.basic
{
device=6
device_name=Activation alarme
current=0
}

2017-01-11 17:08:47 : xpl-stat
{
hop=1
source=xpl-ardui.carte1
target=*
}
sensor.basic
{
device=6
device_name=Activation alarme
current=0
}

2017-01-11 17:08:48 : xpl-stat
{
hop=1
source=xpl-ardui.carte1
target=*
}
sensor.basic
{
device=6
device_name=Activation alarme
current=0
}

2017-01-11 17:08:49 : xpl-stat
{
hop=1
source=xpl-ardui.carte1
target=*
}
sensor.basic
{
device=6
device_name=Activation alarme
current=0
}

2017-01-11 17:08:49 : xpl-cmnd
{
hop=1
source=xpl-ardui.server
target=xpl-ardui.relais
}
homeeasy.basic
{
id_group=23761518
id_bouton=0
etat=true
}

2017-01-11 17:08:50 : xpl-stat
{
hop=1
source=xpl-ardui.carte1
target=*
}
sensor.basic
{
device=6
device_name=Activation alarme
current=0
}

2017-01-11 17:08:50 : xpl-cmnd
{
hop=1
source=xpl-ardui.server
target=xpl-ardui.relais
}
homeeasy.basic
{
id_group=23761518
id_bouton=0
etat=false
}

2017-01-11 17:08:50 : xpl-cmnd
{
hop=1
source=xpl-ardui.server
target=xpl-ardui.relais
}
homeeasy.basic
{
id_group=23761518
id_bouton=0
etat=true
}

2017-01-11 17:08:50 : xpl-cmnd
{
hop=1
source=xpl-ardui.server
target=xpl-ardui.relais
}
homeeasy.basic
{
id_group=23761518
id_bouton=0
etat=true
}

2017-01-11 17:08:50 : xpl-cmnd
{
hop=1
source=xpl-ardui.server
target=xpl-ardui.relais
}
homeeasy.basic
{
id_group=23761518
id_bouton=0
etat=true
}

2017-01-11 17:08:51 : xpl-stat
{
hop=1
source=xpl-ardui.carte1
target=*
}
sensor.basic
{
device=6
device_name=Activation alarme
current=0
}

2017-01-11 17:08:51 : xpl-cmnd
{
hop=1
source=xpl-ardui.server
target=xpl-ardui.relais
}
homeeasy.basic
{
id_group=23761518
id_bouton=0
etat=false
}

2017-01-11 17:08:52 : xpl-stat
{
hop=1
source=xpl-ardui.carte1
target=*
}
sensor.basic
{
device=6
device_name=Activation alarme
current=0
}

2017-01-11 17:08:53 : xpl-stat
{
hop=1
source=xpl-ardui.carte1
target=*
}
sensor.basic
{
device=6
device_name=Activation alarme
current=0
}

2017-01-11 17:08:54 : xpl-stat
{
hop=1
source=xpl-ardui.carte1
target=*
}
sensor.basic
{
device=6
device_name=Activation alarme
current=0
}

2017-01-11 17:08:55 : xpl-stat
{
hop=1
source=xpl-ardui.carte1
target=*
}
sensor.basic
{
device=6
device_name=Activation alarme
current=0
}

2017-01-11 17:08:56 : xpl-stat
{
hop=1
source=xpl-ardui.carte1
target=*
}
sensor.basic
{
device=6
device_name=Activation alarme
current=0
}

2017-01-11 17:08:57 : xpl-stat
{
hop=1
source=xpl-ardui.carte1
target=*
}
sensor.basic
{
device=6
device_name=Activation alarme
current=0
}

2017-01-11 17:08:58 : xpl-stat
{
hop=1
source=xpl-ardui.carte1
target=*
}
sensor.basic
{
device=6
device_name=Activation alarme
current=0
}

2017-01-11 17:08:59 : xpl-stat
{
hop=1
source=xpl-ardui.carte1
target=*
}
sensor.basic
{
device=6
device_name=Activation alarme
current=0
}

2017-01-11 17:09:00 : xpl-stat
{
hop=1
source=xpl-ardui.carte1
target=*
}
sensor.basic
{
device=6
device_name=Activation alarme
current=0
}

2017-01-11 17:09:01 : xpl-stat
{
hop=1
source=xpl-ardui.carte1
target=*
}
sensor.basic
{
device=6
device_name=Activation alarme
current=0
}

2017-01-11 17:09:02 : xpl-stat
{
hop=1
source=xpl-ardui.carte1
target=*
}
sensor.basic
{
device=6
device_name=Activation alarme
current=0
}

2017-01-11 17:09:03 : xpl-stat
{
hop=1
source=xpl-ardui.carte1
target=*
}
sensor.basic
{
device=6
device_name=Activation alarme
current=0
}

2017-01-11 17:09:04 : xpl-stat
{
hop=1
source=xpl-ardui.carte1
target=*
}
sensor.basic
{
device=6
device_name=Activation alarme
current=0
}

2017-01-11 17:09:05 : xpl-stat
{
hop=1
source=xpl-ardui.carte1
target=*
}
sensor.basic
{
device=6
device_name=Activation alarme
current=0
}

2017-01-11 17:09:06 : xpl-stat
{
hop=1
source=xpl-ardui.carte1
target=*
}
sensor.basic
{
device=6
device_name=Activation alarme
current=0
}

2017-01-11 17:09:07 : xpl-stat
{
hop=1
source=xpl-ardui.carte1
target=*
}
sensor.basic
{
device=6
device_name=Activation alarme
current=0
}

2017-01-11 17:09:08 : xpl-stat
{
hop=1
source=xpl-ardui.carte1
target=*
}
sensor.basic
{
device=6
device_name=Activation alarme
current=0
}

2017-01-11 17:09:09 : xpl-stat
{
hop=1
source=xpl-ardui.carte1
target=*
}
sensor.basic
{
device=6
device_name=Activation alarme
current=0
}

2017-01-11 17:09:10 : xpl-stat
{
hop=1
source=xpl-ardui.carte1
target=*
}
sensor.basic
{
device=6
device_name=Activation alarme
current=0
}

2017-01-11 17:09:11 : xpl-stat
{
hop=1
source=xpl-ardui.carte1
target=*
}
sensor.basic
{
device=6
device_name=Activation alarme
current=0
}

2017-01-11 17:09:12 : xpl-cmnd
{
hop=1
source=xpl-ardui.server
target=xpl-ardui.relais
}
homeeasy.basic
{
id_group=23761518
id_bouton=0
etat=true
}

2017-01-11 17:09:12 : xpl-stat
{
hop=1
source=xpl-ardui.carte1
target=*
}
sensor.basic
{
device=6
device_name=Activation alarme
current=0
}

2017-01-11 17:09:12 : xpl-cmnd
{
hop=1
source=xpl-ardui.server
target=xpl-ardui.relais
}
homeeasy.basic
{
id_group=23761518
id_bouton=0
etat=false
}

2017-01-11 17:09:12 : xpl-cmnd
{
hop=1
source=xpl-ardui.server
target=xpl-ardui.relais
}
homeeasy.basic
{
id_group=23761518
id_bouton=0
etat=true
}

2017-01-11 17:09:12 : xpl-cmnd
{
hop=1
source=xpl-ardui.server
target=xpl-ardui.relais
}
homeeasy.basic
{
id_group=23761518
id_bouton=0
etat=true
}

2017-01-11 17:09:13 : xpl-cmnd
{
hop=1
source=xpl-ardui.server
target=xpl-ardui.relais
}
homeeasy.basic
{
id_group=23761518
id_bouton=0
etat=true
}

2017-01-11 17:09:13 : xpl-stat
{
hop=1
source=xpl-ardui.carte1
target=*
}
sensor.basic
{
device=6
device_name=Activation alarme
current=0
}

2017-01-11 17:09:13 : xpl-cmnd
{
hop=1
source=xpl-ardui.server
target=xpl-ardui.relais
}
homeeasy.basic
{
id_group=23761518
id_bouton=0
etat=false
}

2017-01-11 17:09:13 : xpl-cmnd
{
hop=1
source=xpl-ardui.server
target=xpl-ardui.relais
}
homeeasy.basic
{
id_group=23761518
id_bouton=0
etat=true
}

2017-01-11 17:09:14 : xpl-cmnd
{
hop=1
source=xpl-ardui.server
target=xpl-ardui.relais
}
homeeasy.basic
{
id_group=23761518
id_bouton=0
etat=false
}

2017-01-11 17:09:14 : xpl-cmnd
{
hop=1
source=xpl-ardui.server
target=xpl-ardui.relais
}
homeeasy.basic
{
id_group=23761518
id_bouton=0
etat=false
}

2017-01-11 17:09:14 : xpl-stat
{
hop=1
source=xpl-ardui.carte1
target=*
}
sensor.basic
{
device=6
device_name=Activation alarme
current=0
}

2017-01-11 17:09:14 : xpl-cmnd
{
hop=1
source=xpl-ardui.server
target=xpl-ardui.relais
}
homeeasy.basic
{
id_group=23761518
id_bouton=0
etat=false
}

2017-01-11 17:09:14 : xpl-cmnd
{
hop=1
source=xpl-ardui.server
target=xpl-ardui.relais
}
homeeasy.basic
{
id_group=23761518
id_bouton=0
etat=false
}

2017-01-11 17:09:14 : xpl-cmnd
{
hop=1
source=xpl-ardui.server
target=xpl-ardui.relais
}
homeeasy.basic
{
id_group=23761518
id_bouton=0
etat=false
}

2017-01-11 17:09:14 : xpl-cmnd
{
hop=1
source=xpl-ardui.server
target=xpl-ardui.relais
}
homeeasy.basic
{
id_group=23761518
id_bouton=0
etat=false
}

2017-01-11 17:09:15 : xpl-stat
{
hop=1
source=xpl-ardui.carte1
target=*
}
sensor.basic
{
device=6
device_name=Activation alarme
current=0
}

2017-01-11 17:09:15 : xpl-cmnd
{
hop=1
source=xpl-ardui.server
target=xpl-ardui.relais
}
homeeasy.basic
{
id_group=23761518
id_bouton=0
etat=true
}

2017-01-11 17:09:15 : xpl-cmnd
{
hop=1
source=xpl-ardui.server
target=xpl-ardui.relais
}
homeeasy.basic
{
id_group=23761518
id_bouton=0
etat=true
}

2017-01-11 17:09:15 : xpl-cmnd
{
hop=1
source=xpl-ardui.server
target=xpl-ardui.relais
}
homeeasy.basic
{
id_group=23761518
id_bouton=0
etat=true
}

2017-01-11 17:09:16 : xpl-cmnd
{
hop=1
source=xpl-ardui.server
target=xpl-ardui.relais
}
homeeasy.basic
{
id_group=23761518
id_bouton=0
etat=true
}

2017-01-11 17:09:16 : xpl-stat
{
hop=1
source=xpl-ardui.carte1
target=*
}
sensor.basic
{
device=6
device_name=Activation alarme
current=0
}

2017-01-11 17:09:16 : xpl-cmnd
{
hop=1
source=xpl-ardui.server
target=xpl-ardui.relais
}
homeeasy.basic
{
id_group=23761518
id_bouton=0
etat=false
}

2017-01-11 17:09:16 : xpl-cmnd
{
hop=1
source=xpl-ardui.server
target=xpl-ardui.relais
}
homeeasy.basic
{
id_group=23761518
id_bouton=0
etat=true
}

2017-01-11 17:09:16 : xpl-cmnd
{
hop=1
source=xpl-ardui.server
target=xpl-ardui.relais
}
homeeasy.basic
{
id_group=23761518
id_bouton=0
etat=true
}

2017-01-11 17:09:17 : xpl-stat
{
hop=1
source=xpl-ardui.carte1
target=*
}
sensor.basic
{
device=6
device_name=Activation alarme
current=0
}

2017-01-11 17:09:17 : xpl-cmnd
{
hop=1
source=xpl-ardui.server
target=xpl-ardui.relais
}
homeeasy.basic
{
id_group=23761518
id_bouton=0
etat=false
}

2017-01-11 17:09:17 : xpl-cmnd
{
hop=1
source=xpl-ardui.server
target=xpl-ardui.relais
}
homeeasy.basic
{
id_group=23761518
id_bouton=0
etat=true
}

2017-01-11 17:09:18 : xpl-cmnd
{
hop=1
source=xpl-ardui.server
target=xpl-ardui.relais
}
homeeasy.basic
{
id_group=23761518
id_bouton=0
etat=true
}

2017-01-11 17:09:18 : xpl-stat
{
hop=1
source=xpl-ardui.carte1
target=*
}
sensor.basic
{
device=6
device_name=Activation alarme
current=0
}

2017-01-11 17:09:18 : xpl-cmnd
{
hop=1
source=xpl-ardui.server
target=xpl-ardui.relais
}
homeeasy.basic
{
id_group=23761518
id_bouton=0
etat=false
}

2017-01-11 17:09:19 : xpl-stat
{
hop=1
source=xpl-ardui.carte1
target=*
}
sensor.basic
{
device=6
device_name=Activation alarme
current=0
}

2017-01-11 17:09:20 : xpl-stat
{
hop=1
source=xpl-ardui.carte1
target=*
}
sensor.basic
{
device=6
device_name=Activation alarme
current=0
}

2017-01-11 17:09:44 : xpl-cmnd
{
hop=1
source=xpl-ardui.server
target=xpl-ardui.relais
}
homeeasy.basic
{
id_group=23761518
id_bouton=0
etat=true
}

2017-01-11 17:09:46 : xpl-cmnd
{
hop=1
source=xpl-ardui.server
target=xpl-ardui.relais
}
homeeasy.basic
{
id_group=23761518
id_bouton=0
etat=true
}

2017-01-11 17:09:48 : xpl-cmnd
{
hop=1
source=xpl-ardui.server
target=xpl-ardui.relais
}
homeeasy.basic
{
id_group=23761518
id_bouton=0
etat=true
}

2017-01-11 17:09:49 : xpl-cmnd
{
hop=1
source=xpl-ardui.server
target=xpl-ardui.relais
}
homeeasy.basic
{
id_group=23761518
id_bouton=0
etat=true
}

2017-01-11 17:09:50 : xpl-cmnd
{
hop=1
source=xpl-ardui.server
target=xpl-ardui.relais
}
homeeasy.basic
{
id_group=23761518
id_bouton=0
etat=true
}

2017-01-11 17:09:51 : xpl-cmnd
{
hop=1
source=xpl-ardui.server
target=xpl-ardui.relais
}
homeeasy.basic
{
id_group=23761518
id_bouton=0
etat=true
}

2017-01-11 17:09:52 : xpl-cmnd
{
hop=1
source=xpl-ardui.server
target=xpl-ardui.relais
}
homeeasy.basic
{
id_group=23761518
id_bouton=0
etat=true
}

2017-01-11 17:09:52 : xpl-cmnd
{
hop=1
source=xpl-ardui.server
target=xpl-ardui.relais
}
homeeasy.basic
{
id_group=23761518
id_bouton=0
etat=true
}

2017-01-11 17:20:20 : xpl-cmnd
{
hop=1
source=xpl-ardui.server
target=xpl-ardui.relais
}
homeeasy.basic
{
id_group=23761518
id_bouton=0
etat=true
}

