2017-01-10 10:18:42 :Envoi manuel de la commande 1
2017-01-10 10:19:01 :Envoi manuel de la commande 1
2017-01-10 10:48:54 :Envoi manuel de la commande 1
2017-01-10 10:48:54 :Envoi manuel de la commande 1
2017-01-10 10:48:54 :Envoi manuel de la commande 1
2017-01-10 10:48:55 :Envoi manuel de la commande 1
2017-01-10 10:48:55 :Envoi manuel de la commande 1
2017-01-10 10:48:55 :Envoi manuel de la commande 1
2017-01-10 10:48:55 :Envoi manuel de la commande 1
2017-01-10 10:48:55 :Envoi manuel de la commande 1
2017-01-10 10:51:54 :Envoi manuel de la commande 1
2017-01-10 10:51:55 :Envoi manuel de la commande 1
2017-01-10 10:51:55 :Envoi manuel de la commande 1
2017-01-10 10:51:55 :Envoi manuel de la commande 1
2017-01-10 10:51:55 :Envoi manuel de la commande 1
2017-01-10 10:51:56 :Envoi manuel de la commande 1
2017-01-10 10:52:23 :Envoi manuel de la commande 1
2017-01-10 10:52:53 :Envoi manuel de la commande 1
2017-01-10 10:52:54 :Envoi manuel de la commande 1
2017-01-10 10:52:55 :Envoi manuel de la commande 1
2017-01-10 10:52:55 :Envoi manuel de la commande 1
2017-01-10 10:52:55 :Envoi manuel de la commande 1
2017-01-10 10:52:56 :Envoi manuel de la commande 1
2017-01-10 10:53:00 :Envoi manuel de la commande 1
2017-01-10 10:53:00 :Envoi manuel de la commande 1
2017-01-10 10:53:01 :Envoi manuel de la commande 1
2017-01-10 10:53:02 :Envoi manuel de la commande 1
2017-01-10 10:53:04 :Envoi manuel de la commande 2
2017-01-10 10:53:06 :Envoi manuel de la commande 1
2017-01-10 10:53:20 :Envoi manuel de la commande 1
2017-01-10 10:53:38 :Envoi manuel de la commande 1
2017-01-10 13:24:48 :Envoi manuel de la commande 7
2017-01-10 13:26:26 :Envoi manuel de la commande 7
2017-01-10 13:26:42 :Envoi manuel de la commande 1
2017-01-10 13:28:39 :Envoi manuel de la commande 7
2017-01-10 13:28:43 :Envoi manuel de la commande 2
2017-01-10 13:30:41 :Envoi manuel de la commande 2
2017-01-10 13:30:48 :Envoi manuel de la commande 7
2017-01-10 13:36:19 : Envoi manuel de la commande 1
2017-01-10 13:36:25 : Envoi manuel de la commande 7
2017-01-10 13:42:39 : Envoi manuel de la commande 1
2017-01-10 13:42:45 : Envoi manuel de la commande 1
2017-01-10 13:43:08 : Envoi manuel de la commande 1
2017-01-10 13:45:09 : Envoi de la commande du perif : 4, nouvelle valeur 
2017-01-10 13:45:54 : Envoi de la commande du perif : 4, nouvelle valeur 
2017-01-10 13:46:58 : Envoi de la commande du perif : 1, nouvelle valeur 
2017-01-10 13:47:09 : Envoi de la commande du perif : 4, nouvelle valeur 
2017-01-10 13:47:20 : Envoi de la commande du perif : 4, nouvelle valeur 
2017-01-10 13:47:49 : Envoi de la commande du perif : 4, nouvelle valeur 
2017-01-10 13:48:32 : Envoi de la commande du perif : 1, nouvelle valeur 1
2017-01-10 13:49:01 : Envoi de la commande du perif : 1, nouvelle valeur 1
2017-01-10 13:49:27 : Envoi de la commande du perif : 1, nouvelle valeur 1
2017-01-10 16:35:44 : Lancement du serveur
