2017-01-31 21:35:19 : xpl-stat
{
hop=1
source=xpl-ardui.esp1
target=*
}
sensor.basic
{
device=6
device_name='Activation alarme'
current=0
}

2017-01-31 21:35:49 : xpl-stat
{
hop=1
source=xpl-ardui.esp1
target=*
}
sensor.basic
{
device=6
device_name='Activation alarme'
current=0
}

2017-01-31 21:36:19 : xpl-stat
{
hop=1
source=xpl-ardui.esp1
target=*
}
sensor.basic
{
device=6
device_name='Activation alarme'
current=0
}

2017-01-31 21:36:49 : xpl-stat
{
hop=1
source=xpl-ardui.esp1
target=*
}
sensor.basic
{
device=6
device_name='Activation alarme'
current=0
}

2017-01-31 21:37:19 : xpl-stat
{
hop=1
source=xpl-ardui.esp1
target=*
}
sensor.basic
{
device=6
device_name='Activation alarme'
current=0
}

2017-01-31 21:37:19 : xpl-cmnd
{
hop=1
source=xpl-ardui.server
target=xpl-ardui.relais
}
homeeasy.basic
{
id_group=21876562
id_bouton=0
etat=true
}

2017-01-31 21:37:49 : xpl-stat
{
hop=1
source=xpl-ardui.esp1
target=*
}
sensor.basic
{
device=6
device_name='Activation alarme'
current=0
}

2017-01-31 21:37:49 : xpl-cmnd
{
hop=1
source=xpl-ardui.server
target=xpl-ardui.relais
}
homeeasy.basic
{
id_group=21876562
id_bouton=0
etat=false
}

2017-01-31 21:38:19 : xpl-stat
{
hop=1
source=xpl-ardui.esp1
target=*
}
sensor.basic
{
device=6
device_name='Activation alarme'
current=0
}

2017-01-31 21:38:19 : xpl-cmnd
{
hop=1
source=xpl-ardui.server
target=xpl-ardui.relais
}
homeeasy.basic
{
id_group=21876562
id_bouton=2
etat=true
}

2017-01-31 21:38:49 : xpl-stat
{
hop=1
source=xpl-ardui.esp1
target=*
}
sensor.basic
{
device=6
device_name='Activation alarme'
current=0
}

2017-01-31 21:38:49 : xpl-cmnd
{
hop=1
source=xpl-ardui.server
target=xpl-ardui.relais
}
homeeasy.basic
{
id_group=21876562
id_bouton=2
etat=false
}

2017-01-31 21:38:52 : xpl-cmnd
{
hop=1
source=xpl-ardui.server
target=xpl-ardui.relais
}
homeeasy.basic
{
id_group=21876562
id_bouton=0
etat=true
}

2017-01-31 21:38:53 : xpl-cmnd
{
hop=1
source=xpl-ardui.server
target=xpl-ardui.relais
}
homeeasy.basic
{
id_group=21876562
id_bouton=2
etat=true
}

2017-01-31 21:39:19 : xpl-stat
{
hop=1
source=xpl-ardui.esp1
target=*
}
sensor.basic
{
device=6
device_name='Activation alarme'
current=0
}

2017-01-31 21:39:49 : xpl-stat
{
hop=1
source=xpl-ardui.esp1
target=*
}
sensor.basic
{
device=6
device_name='Activation alarme'
current=0
}

2017-01-31 21:40:12 : xpl-cmnd
{
hop=1
source=xpl-ardui.server
target=xpl-ardui.relais
}
homeeasy.basic
{
id_group=21876562
id_bouton=0
etat=false
}

2017-01-31 21:40:12 : xpl-cmnd
{
hop=1
source=xpl-ardui.server
target=xpl-ardui.relais
}
homeeasy.basic
{
id_group=21876562
id_bouton=2
etat=false
}

2017-01-31 21:40:19 : xpl-stat
{
hop=1
source=xpl-ardui.esp1
target=*
}
sensor.basic
{
device=6
device_name='Activation alarme'
current=0
}

2017-01-31 21:40:19 : xpl-cmnd
{
hop=1
source=xpl-ardui.server
target=xpl-ardui.relais
}
homeeasy.basic
{
id_group=21876562
id_bouton=2
etat=true
}

2017-01-31 21:40:32 : xpl-cmnd
{
hop=1
source=xpl-ardui.server
target=xpl-ardui.relais
}
homeeasy.basic
{
id_group=21876562
id_bouton=2
etat=false
}

2017-01-31 21:40:49 : xpl-stat
{
hop=1
source=xpl-ardui.esp1
target=*
}
sensor.basic
{
device=6
device_name='Activation alarme'
current=0
}

2017-01-31 21:41:04 : xpl-cmnd
{
hop=1
source=xpl-ardui.server
target=xpl-ardui.relais
}
homeeasy.basic
{
id_group=21876562
id_bouton=0
etat=true
}

2017-01-31 21:41:04 : xpl-cmnd
{
hop=1
source=xpl-ardui.server
target=xpl-ardui.relais
}
homeeasy.basic
{
id_group=21876562
id_bouton=2
etat=true
}

2017-01-31 21:41:10 : xpl-cmnd
{
hop=1
source=xpl-ardui.server
target=xpl-ardui.relais
}
homeeasy.basic
{
id_group=21876562
id_bouton=0
etat=false
}

2017-01-31 21:41:11 : xpl-cmnd
{
hop=1
source=xpl-ardui.server
target=xpl-ardui.relais
}
homeeasy.basic
{
id_group=21876562
id_bouton=2
etat=false
}

2017-01-31 21:41:19 : xpl-stat
{
hop=1
source=xpl-ardui.esp1
target=*
}
sensor.basic
{
device=6
device_name='Activation alarme'
current=0
}

2017-01-31 21:41:42 : xpl-cmnd
{
hop=1
source=xpl-ardui.server
target=xpl-ardui.relais
}
homeeasy.basic
{
id_group=21876562
id_bouton=0
etat=true
}

2017-01-31 21:41:43 : xpl-cmnd
{
hop=1
source=xpl-ardui.server
target=xpl-ardui.relais
}
homeeasy.basic
{
id_group=21876562
id_bouton=0
etat=false
}

2017-01-31 21:41:43 : xpl-cmnd
{
hop=1
source=xpl-ardui.server
target=xpl-ardui.relais
}
homeeasy.basic
{
id_group=21876562
id_bouton=2
etat=false
}

2017-01-31 21:41:44 : xpl-cmnd
{
hop=1
source=xpl-ardui.server
target=xpl-ardui.relais
}
homeeasy.basic
{
id_group=21876562
id_bouton=0
etat=true
}

2017-01-31 21:41:46 : xpl-cmnd
{
hop=1
source=xpl-ardui.server
target=xpl-ardui.relais
}
homeeasy.basic
{
id_group=21876562
id_bouton=0
etat=false
}

2017-01-31 21:41:46 : xpl-cmnd
{
hop=1
source=xpl-ardui.server
target=xpl-ardui.relais
}
homeeasy.basic
{
id_group=21876562
id_bouton=2
etat=false
}

2017-01-31 21:41:47 : xpl-cmnd
{
hop=1
source=xpl-ardui.server
target=xpl-ardui.relais
}
homeeasy.basic
{
id_group=21876562
id_bouton=0
etat=true
}

2017-01-31 21:41:49 : xpl-stat
{
hop=1
source=xpl-ardui.esp1
target=*
}
sensor.basic
{
device=6
device_name='Activation alarme'
current=0
}

2017-01-31 21:42:19 : xpl-stat
{
hop=1
source=xpl-ardui.esp1
target=*
}
sensor.basic
{
device=6
device_name='Activation alarme'
current=0
}

2017-01-31 21:42:49 : xpl-stat
{
hop=1
source=xpl-ardui.esp1
target=*
}
sensor.basic
{
device=6
device_name='Activation alarme'
current=0
}

2017-01-31 21:43:19 : xpl-stat
{
hop=1
source=xpl-ardui.esp1
target=*
}
sensor.basic
{
device=6
device_name='Activation alarme'
current=0
}

2017-01-31 21:43:49 : xpl-stat
{
hop=1
source=xpl-ardui.esp1
target=*
}
sensor.basic
{
device=6
device_name='Activation alarme'
current=0
}

2017-01-31 21:44:19 : xpl-stat
{
hop=1
source=xpl-ardui.esp1
target=*
}
sensor.basic
{
device=6
device_name='Activation alarme'
current=0
}

2017-01-31 21:44:49 : xpl-stat
{
hop=1
source=xpl-ardui.esp1
target=*
}
sensor.basic
{
device=6
device_name='Activation alarme'
current=0
}

2017-01-31 21:45:19 : xpl-stat
{
hop=1
source=xpl-ardui.esp1
target=*
}
sensor.basic
{
device=6
device_name='Activation alarme'
current=0
}

